<?xml version="1.0" encoding="UTF-8"?>
<!-- Generated by org.testng.reporters.JUnitReportReporter -->
<testsuite hostname="DESKTOP-I302K6H" failures="0" tests="1" name="TestLoginAP.TestLoginAP" time="7.431" errors="0" timestamp="2022-08-05T16:25:18 ICT" skipped="0">
  <testcase classname="TestLoginAP.TestLoginAP" name="LoginAp" time="7.431"/>
  <system-out/>
</testsuite> <!-- TestLoginAP.TestLoginAP -->
