<?xml version="1.0" encoding="UTF-8"?>
<!-- Generated by org.testng.reporters.JUnitReportReporter -->
<testsuite hostname="DESKTOP-KQ451IS" failures="0" tests="2" name="com.poly.test.CheckInTest" time="0.488" errors="0" timestamp="2022-08-08T14:47:06 ICT" skipped="0">
  <testcase classname="com.poly.test.CheckInTest" name="testCheck" time="0.166"/>
  <system-out/>
  <testcase classname="com.poly.test.CheckInTest" name="testCheck" time="0.322"/>
  <system-out/>
</testsuite> <!-- com.poly.test.CheckInTest -->
