<?xml version="1.0" encoding="UTF-8"?>
<!-- Generated by org.testng.reporters.JUnitReportReporter -->
<testsuite hostname="DESKTOP-KQ451IS" failures="0" tests="4" name="com.poly.test.DangNhapTest" time="3.344" errors="0" timestamp="2022-08-08T14:27:47 ICT" skipped="0">
  <testcase classname="com.poly.test.DangNhapTest" name="testCheck" time="0.094"/>
  <system-out/>
  <testcase classname="com.poly.test.DangNhapTest" name="testCheck" time="0.995"/>
  <system-out/>
  <testcase classname="com.poly.test.DangNhapTest" name="testCheck" time="0.104"/>
  <system-out/>
  <testcase classname="com.poly.test.DangNhapTest" name="testCheck" time="2.151"/>
  <system-out/>
</testsuite> <!-- com.poly.test.DangNhapTest -->
